#
# There is insufficient memory for the Java Runtime Environment to continue.
# Native memory allocation (mmap) failed to map 266338304 bytes for G1 virtual space
# Possible reasons:
#   The system is out of physical RAM or swap space
#   The process is running with CompressedOops enabled, and the Java Heap may be blocking the growth of the native heap
# Possible solutions:
#   Reduce memory load on the system
#   Increase physical memory or swap space
#   Check if swap backing store is full
#   Decrease Java heap size (-Xmx/-Xms)
#   Decrease number of Java threads
#   Decrease Java thread stack sizes (-Xss)
#   Set larger code cache with -XX:ReservedCodeCacheSize=
#   JVM is running with Zero Based Compressed Oops mode in which the Java heap is
#     placed in the first 32GB address space. The Java Heap base address is the
#     maximum limit for the native heap growth. Please use -XX:HeapBaseMinAddress
#     to set the Java Heap base and to place the Java Heap above 32GB virtual address.
# This output file may be truncated or incomplete.
#
#  Out of Memory Error (os_windows.cpp:3548), pid=23684, tid=29720
#
# JRE version:  (17.0.10+11) (build )
# Java VM: Java HotSpot(TM) 64-Bit Server VM (17.0.10+11-LTS-240, mixed mode, sharing, tiered, compressed oops, compressed class ptrs, g1 gc, windows-amd64)
# No core dump will be written. Minidumps are not enabled by default on client versions of Windows
#

---------------  S U M M A R Y ------------

Command Line: -agentlib:jdwp=transport=dt_socket,server=n,suspend=y,address=localhost:64953 -XX:+ShowCodeDetailsInExceptionMessages --module-path=C:\Users\teodu\Desktop\Projects\sorter-fx\target\classes;C:\Users\teodu\.m2\repository\org\openjfx\javafx-controls\22.0.2\javafx-controls-22.0.2-win.jar;C:\Users\teodu\.m2\repository\org\openjfx\javafx-graphics\22.0.2\javafx-graphics-22.0.2-win.jar;C:\Users\teodu\.m2\repository\org\openjfx\javafx-base\22.0.2\javafx-base-22.0.2-win.jar;C:\Users\teodu\.m2\repository\org\openjfx\javafx-fxml\22.0.2\javafx-fxml-22.0.2-win.jar;C:\Users\teodu\.m2\repository\org\openjfx\javafx-swing\22.0.2\javafx-swing-22.0.2-win.jar;C:\Users\teodu\.m2\repository\org\apache\pdfbox\pdfbox\2.0.27\pdfbox-2.0.27.jar;C:\Users\teodu\.m2\repository\org\apache\pdfbox\fontbox\2.0.27\fontbox-2.0.27.jar;C:\Users\teodu\.m2\repository\com\google\code\gson\gson\2.10.1\gson-2.10.1.jar;C:\Users\teodu\.m2\repository\org\apache\poi\poi\5.2.3\poi-5.2.3.jar;C:\Users\teodu\.m2\repository\commons-codec\commons-codec\1.15\commons-codec-1.15.jar;C:\Users\teodu\.m2\repository\org\apache\commons\commons-collections4\4.4\commons-collections4-4.4.jar;C:\Users\teodu\.m2\repository\org\apache\commons\commons-math3\3.6.1\commons-math3-3.6.1.jar;C:\Users\teodu\.m2\repository\commons-io\commons-io\2.11.0\commons-io-2.11.0.jar;C:\Users\teodu\.m2\repository\com\zaxxer\SparseBitSet\1.2\SparseBitSet-1.2.jar;C:\Users\teodu\.m2\repository\org\apache\logging\log4j\log4j-api\2.18.0\log4j-api-2.18.0.jar;C:\Users\teodu\.m2\repository\org\apache\poi\poi-ooxml\5.2.3\poi-ooxml-5.2.3.jar;C:\Users\teodu\.m2\repository\org\apache\poi\poi-ooxml-lite\5.2.3\poi-ooxml-lite-5.2.3.jar;C:\Users\teodu\.m2\repository\org\apache\commons\commons-compress\1.21\commons-compress-1.21.jar;C:\Users\teodu\.m2\repository\org\apache\xmlbeans\xmlbeans\5.1.1\xmlbeans-5.1.1.jar;C:\Users\teodu\.m2\repository\com\opencsv\opencsv\5.6\opencsv-5.6.jar;C:\Users\teodu\.m2\repository\com\twelvemonkeys\imageio\imageio-tiff\3.11.0\imageio-tiff-3.11.0.jar -Djdk.module.main=app app/app.App

Host: Intel(R) Core(TM) i7-10750H CPU @ 2.60GHz, 12 cores, 15G,  Windows 11 , 64 bit Build 22621 (10.0.22621.3958)
Time: Sat Aug 24 13:16:44 2024 ora legale Europa occidentale elapsed time: 0.019363 seconds (0d 0h 0m 0s)

---------------  T H R E A D  ---------------

Current thread (0x00000267ff099e80):  JavaThread "Unknown thread" [_thread_in_vm, id=29720, stack(0x000000a37d700000,0x000000a37d800000)]

Stack: [0x000000a37d700000,0x000000a37d800000]
Native frames: (J=compiled Java code, j=interpreted, Vv=VM code, C=native code)
V  [jvm.dll+0x677a5a]
V  [jvm.dll+0x7d8b2d]
V  [jvm.dll+0x7da48e]
V  [jvm.dll+0x7daaf3]
V  [jvm.dll+0x2455ff]
V  [jvm.dll+0x6749b9]
V  [jvm.dll+0x669382]
V  [jvm.dll+0x302e96]
V  [jvm.dll+0x30a416]
V  [jvm.dll+0x359cbe]
V  [jvm.dll+0x359eef]
V  [jvm.dll+0x2d9e88]
V  [jvm.dll+0x2dadf4]
V  [jvm.dll+0x7aa551]
V  [jvm.dll+0x367911]
V  [jvm.dll+0x789639]
V  [jvm.dll+0x3eb30f]
V  [jvm.dll+0x3ecd91]
C  [jli.dll+0x5297]
C  [ucrtbase.dll+0x29333]
C  [KERNEL32.DLL+0x1257d]
C  [ntdll.dll+0x5af28]


---------------  P R O C E S S  ---------------

Threads class SMR info:
_java_thread_list=0x00007ffda2096a18, length=0, elements={
}

Java Threads: ( => current thread )

Other Threads:
  0x00000267ff109cd0 GCTaskThread "GC Thread#0" [stack: 0x000000a37d800000,0x000000a37d900000] [id=13860]
  0x00000267ff11ba30 ConcurrentGCThread "G1 Main Marker" [stack: 0x000000a37d900000,0x000000a37da00000] [id=24160]
  0x00000267ff11c440 ConcurrentGCThread "G1 Conc#0" [stack: 0x000000a37da00000,0x000000a37db00000] [id=25308]

[error occurred during error reporting (printing all threads), id 0xc0000005, EXCEPTION_ACCESS_VIOLATION (0xc0000005) at pc=0x00007ffda18caae7]

VM state: not at safepoint (not fully initialized)

VM Mutex/Monitor currently owned by a thread:  ([mutex/lock_event])
[0x00000267ff0966a0] Heap_lock - owner thread: 0x00000267ff099e80

Heap address: 0x0000000702000000, size: 4064 MB, Compressed Oops mode: Zero based, Oop shift amount: 3

CDS archive(s) mapped at: [0x0000000000000000-0x0000000000000000-0x0000000000000000), size 0, SharedBaseAddress: 0x0000000800000000, ArchiveRelocationMode: 1.
Narrow klass base: 0x0000000000000000, Narrow klass shift: 0, Narrow klass range: 0x0

GC Precious Log:
<Empty>

Heap:
 garbage-first heap   total 0K, used 0K [0x0000000702000000, 0x0000000800000000)
  region size 2048K, 0 young (0K), 0 survivors (0K)

[error occurred during error reporting (printing heap information), id 0xc0000005, EXCEPTION_ACCESS_VIOLATION (0xc0000005) at pc=0x00007ffda1cb1249]

GC Heap History (0 events):
No events

Deoptimization events (0 events):
No events

Classes unloaded (0 events):
No events

Classes redefined (0 events):
No events

Internal exceptions (0 events):
No events

VM Operations (0 events):
No events

Events (1 events):
Event: 0.009 Loaded shared library C:\Java\jdk17\bin\java.dll


Dynamic libraries:
0x00007ff7878a0000 - 0x00007ff7878b0000 	C:\Java\jdk17\bin\java.exe
0x00007ffe2f7d0000 - 0x00007ffe2f9e7000 	C:\WINDOWS\SYSTEM32\ntdll.dll
0x00007ffe2e7b0000 - 0x00007ffe2e874000 	C:\WINDOWS\System32\KERNEL32.DLL
0x00007ffe2ccd0000 - 0x00007ffe2d07d000 	C:\WINDOWS\System32\KERNELBASE.dll
0x00007ffe2caf0000 - 0x00007ffe2cc01000 	C:\WINDOWS\System32\ucrtbase.dll
0x00007ffe039a0000 - 0x00007ffe039b9000 	C:\Java\jdk17\bin\jli.dll
0x00007ffdfd800000 - 0x00007ffdfd81b000 	C:\Java\jdk17\bin\VCRUNTIME140.dll
0x00007ffe2e6a0000 - 0x00007ffe2e752000 	C:\WINDOWS\System32\ADVAPI32.dll
0x00007ffe2e970000 - 0x00007ffe2ea17000 	C:\WINDOWS\System32\msvcrt.dll
0x00007ffe2e340000 - 0x00007ffe2e3e9000 	C:\WINDOWS\System32\sechost.dll
0x00007ffe2d080000 - 0x00007ffe2d0a8000 	C:\WINDOWS\System32\bcrypt.dll
0x00007ffe2f5e0000 - 0x00007ffe2f6f4000 	C:\WINDOWS\System32\RPCRT4.dll
0x00007ffe2ef60000 - 0x00007ffe2f10e000 	C:\WINDOWS\System32\USER32.dll
0x00007ffe2d4d0000 - 0x00007ffe2d4f6000 	C:\WINDOWS\System32\win32u.dll
0x00007ffe10d90000 - 0x00007ffe11023000 	C:\WINDOWS\WinSxS\amd64_microsoft.windows.common-controls_6595b64144ccf1df_6.0.22621.3672_none_2713b9d173822955\COMCTL32.dll
0x00007ffe2e570000 - 0x00007ffe2e599000 	C:\WINDOWS\System32\GDI32.dll
0x00007ffe2d2a0000 - 0x00007ffe2d3b9000 	C:\WINDOWS\System32\gdi32full.dll
0x00007ffe2d430000 - 0x00007ffe2d4ca000 	C:\WINDOWS\System32\msvcp_win.dll
0x00007ffe28660000 - 0x00007ffe2866a000 	C:\WINDOWS\SYSTEM32\VERSION.dll
0x00007ffe2e770000 - 0x00007ffe2e7a1000 	C:\WINDOWS\System32\IMM32.DLL
0x00007ffe19c80000 - 0x00007ffe19c8c000 	C:\Java\jdk17\bin\vcruntime140_1.dll
0x00007ffde9280000 - 0x00007ffde930e000 	C:\Java\jdk17\bin\msvcp140.dll
0x00007ffda15e0000 - 0x00007ffda21bf000 	C:\Java\jdk17\bin\server\jvm.dll
0x00007ffe2ead0000 - 0x00007ffe2ead8000 	C:\WINDOWS\System32\PSAPI.DLL
0x00007ffe14860000 - 0x00007ffe14869000 	C:\WINDOWS\SYSTEM32\WSOCK32.dll
0x00007ffe282a0000 - 0x00007ffe282d4000 	C:\WINDOWS\SYSTEM32\WINMM.dll
0x00007ffe2d500000 - 0x00007ffe2d571000 	C:\WINDOWS\System32\WS2_32.dll
0x00007ffe2bbd0000 - 0x00007ffe2bbe8000 	C:\WINDOWS\SYSTEM32\kernel.appcore.dll
0x00007ffe167b0000 - 0x00007ffe167ba000 	C:\Java\jdk17\bin\jimage.dll
0x00007ffe2a400000 - 0x00007ffe2a632000 	C:\WINDOWS\SYSTEM32\DBGHELP.DLL
0x00007ffe2ddf0000 - 0x00007ffe2e17d000 	C:\WINDOWS\System32\combase.dll
0x00007ffe2f350000 - 0x00007ffe2f427000 	C:\WINDOWS\System32\OLEAUT32.dll
0x00007ffe05060000 - 0x00007ffe05092000 	C:\WINDOWS\SYSTEM32\dbgcore.DLL
0x00007ffe2d0b0000 - 0x00007ffe2d12b000 	C:\WINDOWS\System32\bcryptPrimitives.dll
0x00007ffdfd7c0000 - 0x00007ffdfd7fb000 	C:\Java\jdk17\bin\jdwp.dll
0x00007ffde9080000 - 0x00007ffde90a5000 	C:\Java\jdk17\bin\java.dll

dbghelp: loaded successfully - version: 4.0.5 - missing functions: none
symbol engine: initialized successfully - sym options: 0x614 - pdb path: .;C:\Java\jdk17\bin;C:\WINDOWS\SYSTEM32;C:\WINDOWS\WinSxS\amd64_microsoft.windows.common-controls_6595b64144ccf1df_6.0.22621.3672_none_2713b9d173822955;C:\Java\jdk17\bin\server

VM Arguments:
jvm_args: -agentlib:jdwp=transport=dt_socket,server=n,suspend=y,address=localhost:64953 -XX:+ShowCodeDetailsInExceptionMessages --module-path=C:\Users\teodu\Desktop\Projects\sorter-fx\target\classes;C:\Users\teodu\.m2\repository\org\openjfx\javafx-controls\22.0.2\javafx-controls-22.0.2-win.jar;C:\Users\teodu\.m2\repository\org\openjfx\javafx-graphics\22.0.2\javafx-graphics-22.0.2-win.jar;C:\Users\teodu\.m2\repository\org\openjfx\javafx-base\22.0.2\javafx-base-22.0.2-win.jar;C:\Users\teodu\.m2\repository\org\openjfx\javafx-fxml\22.0.2\javafx-fxml-22.0.2-win.jar;C:\Users\teodu\.m2\repository\org\openjfx\javafx-swing\22.0.2\javafx-swing-22.0.2-win.jar;C:\Users\teodu\.m2\repository\org\apache\pdfbox\pdfbox\2.0.27\pdfbox-2.0.27.jar;C:\Users\teodu\.m2\repository\org\apache\pdfbox\fontbox\2.0.27\fontbox-2.0.27.jar;C:\Users\teodu\.m2\repository\com\google\code\gson\gson\2.10.1\gson-2.10.1.jar;C:\Users\teodu\.m2\repository\org\apache\poi\poi\5.2.3\poi-5.2.3.jar;C:\Users\teodu\.m2\repository\commons-codec\commons-codec\1.15\commons-codec-1.15.jar;C:\Users\teodu\.m2\repository\org\apache\commons\commons-collections4\4.4\commons-collections4-4.4.jar;C:\Users\teodu\.m2\repository\org\apache\commons\commons-math3\3.6.1\commons-math3-3.6.1.jar;C:\Users\teodu\.m2\repository\commons-io\commons-io\2.11.0\commons-io-2.11.0.jar;C:\Users\teodu\.m2\repository\com\zaxxer\SparseBitSet\1.2\SparseBitSet-1.2.jar;C:\Users\teodu\.m2\repository\org\apache\logging\log4j\log4j-api\2.18.0\log4j-api-2.18.0.jar;C:\Users\teodu\.m2\repository\org\apache\poi\poi-ooxml\5.2.3\poi-ooxml-5.2.3.jar;C:\Users\teodu\.m2\repository\org\apache\poi\poi-ooxml-lite\5.2.3\poi-ooxml-lite-5.2.3.jar;C:\Users\teodu\.m2\repository\org\apache\commons\commons-compress\1.21\commons-compress-1.21.jar;C:\Users\teodu\.m2\repository\org\apache\xmlbeans\xmlbeans\5.1.1\xmlbeans-5.1.1.jar;C:\Users\teodu\.m2\repository\com\opencsv\opencsv\5.6\opencsv-5.6.jar;C:\Users\teodu\.m2\repository\com\twelvemonkeys\imageio\imageio-tiff\3.11.0\imageio-tiff-3.11.0.jar -Djdk.module.main=app 
java_command: app/app.App
java_class_path (initial): C:\Users\teodu\.m2\repository\org\openjfx\javafx-controls\22.0.2\javafx-controls-22.0.2.jar;C:\Users\teodu\.m2\repository\org\openjfx\javafx-graphics\22.0.2\javafx-graphics-22.0.2.jar;C:\Users\teodu\.m2\repository\org\openjfx\javafx-base\22.0.2\javafx-base-22.0.2.jar;C:\Users\teodu\.m2\repository\org\openjfx\javafx-fxml\22.0.2\javafx-fxml-22.0.2.jar;C:\Users\teodu\.m2\repository\org\openjfx\javafx-swing\22.0.2\javafx-swing-22.0.2.jar;C:\Users\teodu\.m2\repository\commons-logging\commons-logging\1.2\commons-logging-1.2.jar;C:\Users\teodu\.m2\repository\com\github\virtuald\curvesapi\1.07\curvesapi-1.07.jar;C:\Users\teodu\.m2\repository\org\apache\commons\commons-lang3\3.12.0\commons-lang3-3.12.0.jar;C:\Users\teodu\.m2\repository\org\apache\commons\commons-text\1.9\commons-text-1.9.jar;C:\Users\teodu\.m2\repository\commons-beanutils\commons-beanutils\1.9.4\commons-beanutils-1.9.4.jar;C:\Users\teodu\.m2\repository\commons-collections\commons-collections\3.2.2\commons-collections-3.2.2.jar;C:\Users\teodu\.m2\repository\com\twelvemonkeys\imageio\imageio-metadata\3.11.0\imageio-metadata-3.11.0.jar;C:\Users\teodu\.m2\repository\com\twelvemonkeys\common\common-lang\3.11.0\common-lang-3.11.0.jar;C:\Users\teodu\.m2\repository\com\twelvemonkeys\common\common-io\3.11.0\common-io-3.11.0.jar;C:\Users\teodu\.m2\repository\com\twelvemonkeys\common\common-image\3.11.0\common-image-3.11.0.jar;C:\Users\teodu\.m2\repository\com\twelvemonkeys\imageio\imageio-core\3.11.0\imageio-core-3.11.0.jar
Launcher Type: SUN_STANDARD

[Global flags]
     intx CICompilerCount                          = 4                                         {product} {ergonomic}
     uint ConcGCThreads                            = 3                                         {product} {ergonomic}
     uint G1ConcRefinementThreads                  = 10                                        {product} {ergonomic}
   size_t G1HeapRegionSize                         = 2097152                                   {product} {ergonomic}
    uintx GCDrainStackTargetSize                   = 64                                        {product} {ergonomic}
   size_t InitialHeapSize                          = 266338304                                 {product} {ergonomic}
   size_t MarkStackSize                            = 4194304                                   {product} {ergonomic}
   size_t MaxHeapSize                              = 4261412864                                {product} {ergonomic}
   size_t MinHeapDeltaBytes                        = 2097152                                   {product} {ergonomic}
   size_t MinHeapSize                              = 8388608                                   {product} {ergonomic}
    uintx NonNMethodCodeHeapSize                   = 5839372                                {pd product} {ergonomic}
    uintx NonProfiledCodeHeapSize                  = 122909434                              {pd product} {ergonomic}
    uintx ProfiledCodeHeapSize                     = 122909434                              {pd product} {ergonomic}
    uintx ReservedCodeCacheSize                    = 251658240                              {pd product} {ergonomic}
     bool SegmentedCodeCache                       = true                                      {product} {ergonomic}
     bool ShowCodeDetailsInExceptionMessages       = true                                   {manageable} {command line}
   size_t SoftMaxHeapSize                          = 4261412864                             {manageable} {ergonomic}
     bool UseCompressedClassPointers               = true                           {product lp64_product} {ergonomic}
     bool UseCompressedOops                        = true                           {product lp64_product} {ergonomic}
     bool UseG1GC                                  = true                                      {product} {ergonomic}
     bool UseLargePagesIndividualAllocation        = false                                  {pd product} {ergonomic}

Logging:
Log output configuration:
 #0: stdout all=warning uptime,level,tags
 #1: stderr all=off uptime,level,tags

Environment Variables:
JAVA_HOME=C:\Java\jdk22
PATH=C:\Windows\system32;C:\Windows;C:\Windows\System32\Wbem;C:\Windows\System32\WindowsPowerShell\v1.0\;C:\Windows\System32\OpenSSH\;C:\Program Files (x86)\NVIDIA Corporation\PhysX\Common;C:\Program Files\NVIDIA Corporation\NVIDIA NvDLISR;C:\WINDOWS\system32;C:\WINDOWS;C:\WINDOWS\System32\Wbem;C:\WINDOWS\System32\WindowsPowerShell\v1.0\;C:\WINDOWS\System32\OpenSSH\;C:\Program Files\Git\cmd;C:\Program Files\Microsoft SQL Server\150\Tools\Binn\;C:\Program Files (x86)\Windows Kits\10\Windows Performance Toolkit\;C:\Program Files (x86)\Incredibuild;C:\Program Files\dotnet\;C:\Java\jdk17\bin;C:\Maven\apache-maven-3.9.8\bin;C:\Java\jdk22\bin;C:\Users\teodu\AppData\Local\Microsoft\WindowsApps;C:\Users\teodu\AppData\Local\Programs\Microsoft VS Code\bin;C:\xampp\php;C:\Android\platform-tools;C:\Users\teodu\.dotnet\tools
USERNAME=teodu
LANG=en_US.UTF-8
OS=Windows_NT
PROCESSOR_IDENTIFIER=Intel64 Family 6 Model 165 Stepping 2, GenuineIntel



---------------  S Y S T E M  ---------------

OS:
 Windows 11 , 64 bit Build 22621 (10.0.22621.3958)
OS uptime: 3 days 13:03 hours
Hyper-V role detected

CPU: total 12 (initial active 12) (6 cores per cpu, 2 threads per core) family 6 model 165 stepping 2 microcode 0xe2, cx8, cmov, fxsr, ht, mmx, 3dnowpref, sse, sse2, sse3, ssse3, sse4.1, sse4.2, popcnt, lzcnt, tsc, tscinvbit, avx, avx2, aes, erms, clmul, bmi1, bmi2, adx, fma, vzeroupper, clflush, clflushopt, hv

Memory: 4k page, system-wide physical 16251M (486M free)
TotalPageFile size 65403M (AvailPageFile size 221M)
current process WorkingSet (physical memory assigned to process): 11M, peak: 11M
current process commit charge ("private bytes"): 64M, peak: 318M

vm_info: Java HotSpot(TM) 64-Bit Server VM (17.0.10+11-LTS-240) for windows-amd64 JRE (17.0.10+11-LTS-240), built on Dec 19 2023 21:47:25 by "mach5one" with MS VC++ 17.1 (VS2022)

END.
