

Version:	3.50
CmdLine:	C:\Users\teodu\Desktop\Projects\sorter-fx\target\sorterFx.exe --l4j-debug
JNI:		No
WOW64:		Yes
Working dir:	C:\Users\teodu\Desktop\Projects\sorter-fx\target\.
Requires JDK:	No
Requires 64-Bit: No
Java min ver:	
Java max ver:	
Substitute:	JAVA_HOME = C:\Java\jdk22
Substitute:	PATH = C:\Windows\system32;C:\Windows;C:\Windows\System32\Wbem;C:\Windows\System32\WindowsPowerShell\v1.0\;C:\Windows\System32\OpenSSH\;C:\Program Files (x86)\NVIDIA Corporation\PhysX\Common;C:\Program Files\NVIDIA Corporation\NVIDIA NvDLISR;C:\WINDOWS\system32;C:\WINDOWS;C:\WINDOWS\System32\Wbem;C:\WINDOWS\System32\WindowsPowerShell\v1.0\;C:\WINDOWS\System32\OpenSSH\;C:\Program Files\Git\cmd;C:\Program Files\Microsoft SQL Server\150\Tools\Binn\;C:\Program Files (x86)\Windows Kits\10\Windows Performance Toolkit\;C:\Program Files (x86)\Incredibuild;C:\Program Files\dotnet\;C:\Maven\apache-maven-3.9.8\bin;C:\Java\jdk22\bin;C:\Program Files (x86)\WiX Toolset v3.14\bin;C:\Users\teodu\AppData\Local\Microsoft\WindowsApps;C:\Users\teodu\AppData\Local\Programs\Microsoft VS Code\bin;C:\xampp\php;C:\Android\platform-tools;C:\Users\teodu\.dotnet\tools;C:\Java\jdk22\bin
JRE paths:	C:\Java\jdk22;C:\Windows\system32;C:\Windows;C:\Windows\System32\Wbem;C:\Windows\System32\WindowsPowerShell\v1.0\;C:\Windows\System32\OpenSSH\;C:\Program Files (x86)\NVIDIA Corporation\PhysX\Common;C:\Program Files\NVIDIA Corporation\NVIDIA NvDLISR;C:\WINDOWS\system32;C:\WINDOWS;C:\WINDOWS\System32\Wbem;C:\WINDOWS\System32\WindowsPowerShell\v1.0\;C:\WINDOWS\System32\OpenSSH\;C:\Program Files\Git\cmd;C:\Program Files\Microsoft SQL Server\150\Tools\Binn\;C:\Program Files (x86)\Windows Kits\10\Windows Performance Toolkit\;C:\Program Files (x86)\Incredibuild;C:\Program Files\dotnet\;C:\Maven\apache-maven-3.9.8\bin;C:\Java\jdk22\bin;C:\Program Files (x86)\WiX Toolset v3.14\bin;C:\Users\teodu\AppData\Local\Microsoft\WindowsApps;C:\Users\teodu\AppData\Local\Programs\Microsoft VS Code\bin;C:\xampp\php;C:\Android\platform-tools;C:\Users\teodu\.dotnet\tools;C:\Java\jdk22\bin
Check launcher:	C:\Java\jdk22\bin\javaw.exe (OK)
Version string: 1.022.000_002 / 64-Bit (OK)
Launcher:	C:\Java\jdk22\bin\javaw.exe
Launcher args:	-jar "C:\Users\teodu\Desktop\Projects\sorter-fx\target\sorterFx.exe"
Args length:	68/32768 chars
Exit code:	0


Version:	3.50
CmdLine:	C:\Users\teodu\Desktop\Projects\sorter-fx\target\sorterFx.exe --l4j-debug
JNI:		No
WOW64:		Yes
Working dir:	C:\Users\teodu\Desktop\Projects\sorter-fx\target\.
Requires JDK:	No
Requires 64-Bit: No
Java min ver:	1.022.000_002
Java max ver:	
Substitute:	JAVA_HOME = C:\Java\jdk22
Substitute:	PATH = C:\Windows\system32;C:\Windows;C:\Windows\System32\Wbem;C:\Windows\System32\WindowsPowerShell\v1.0\;C:\Windows\System32\OpenSSH\;C:\Program Files (x86)\NVIDIA Corporation\PhysX\Common;C:\Program Files\NVIDIA Corporation\NVIDIA NvDLISR;C:\WINDOWS\system32;C:\WINDOWS;C:\WINDOWS\System32\Wbem;C:\WINDOWS\System32\WindowsPowerShell\v1.0\;C:\WINDOWS\System32\OpenSSH\;C:\Program Files\Git\cmd;C:\Program Files\Microsoft SQL Server\150\Tools\Binn\;C:\Program Files (x86)\Windows Kits\10\Windows Performance Toolkit\;C:\Program Files (x86)\Incredibuild;C:\Program Files\dotnet\;C:\Maven\apache-maven-3.9.8\bin;C:\Java\jdk22\bin;C:\Program Files (x86)\WiX Toolset v3.14\bin;C:\Users\teodu\AppData\Local\Microsoft\WindowsApps;C:\Users\teodu\AppData\Local\Programs\Microsoft VS Code\bin;C:\xampp\php;C:\Android\platform-tools;C:\Users\teodu\.dotnet\tools;C:\Java\jdk22\bin
JRE paths:	C:\Java\jdk22;C:\Windows\system32;C:\Windows;C:\Windows\System32\Wbem;C:\Windows\System32\WindowsPowerShell\v1.0\;C:\Windows\System32\OpenSSH\;C:\Program Files (x86)\NVIDIA Corporation\PhysX\Common;C:\Program Files\NVIDIA Corporation\NVIDIA NvDLISR;C:\WINDOWS\system32;C:\WINDOWS;C:\WINDOWS\System32\Wbem;C:\WINDOWS\System32\WindowsPowerShell\v1.0\;C:\WINDOWS\System32\OpenSSH\;C:\Program Files\Git\cmd;C:\Program Files\Microsoft SQL Server\150\Tools\Binn\;C:\Program Files (x86)\Windows Kits\10\Windows Performance Toolkit\;C:\Program Files (x86)\Incredibuild;C:\Program Files\dotnet\;C:\Maven\apache-maven-3.9.8\bin;C:\Java\jdk22\bin;C:\Program Files (x86)\WiX Toolset v3.14\bin;C:\Users\teodu\AppData\Local\Microsoft\WindowsApps;C:\Users\teodu\AppData\Local\Programs\Microsoft VS Code\bin;C:\xampp\php;C:\Android\platform-tools;C:\Users\teodu\.dotnet\tools;C:\Java\jdk22\bin;C:\Java\javafx-sdk-22.0.2\lib
Check launcher:	C:\Java\jdk22\bin\javaw.exe (OK)
Version string: 1.022.000_002 / 64-Bit (OK)
Launcher:	C:\Java\jdk22\bin\javaw.exe
Launcher args:	--add-modules javafx.controls,javafx.fxml  -jar "C:\Users\teodu\Desktop\Projects\sorter-fx\target\sorterFx.exe"
Args length:	111/32768 chars
Exit code:	0


Version:	3.50
CmdLine:	C:\Users\teodu\Desktop\Projects\sorter-fx\target\sorterFx.exe --l4j-debug
JNI:		No
WOW64:		Yes
Working dir:	C:\Users\teodu\Desktop\Projects\sorter-fx\target\.
Requires JDK:	No
Requires 64-Bit: No
Java min ver:	1.022.000_002
Java max ver:	
Substitute:	JAVA_HOME = C:\Java\jdk22
Substitute:	PATH = C:\Windows\system32;C:\Windows;C:\Windows\System32\Wbem;C:\Windows\System32\WindowsPowerShell\v1.0\;C:\Windows\System32\OpenSSH\;C:\Program Files (x86)\NVIDIA Corporation\PhysX\Common;C:\Program Files\NVIDIA Corporation\NVIDIA NvDLISR;C:\WINDOWS\system32;C:\WINDOWS;C:\WINDOWS\System32\Wbem;C:\WINDOWS\System32\WindowsPowerShell\v1.0\;C:\WINDOWS\System32\OpenSSH\;C:\Program Files\Git\cmd;C:\Program Files\Microsoft SQL Server\150\Tools\Binn\;C:\Program Files (x86)\Windows Kits\10\Windows Performance Toolkit\;C:\Program Files (x86)\Incredibuild;C:\Program Files\dotnet\;C:\Maven\apache-maven-3.9.8\bin;C:\Java\jdk22\bin;C:\Program Files (x86)\WiX Toolset v3.14\bin;C:\Users\teodu\AppData\Local\Microsoft\WindowsApps;C:\Users\teodu\AppData\Local\Programs\Microsoft VS Code\bin;C:\xampp\php;C:\Android\platform-tools;C:\Users\teodu\.dotnet\tools;C:\Java\jdk22\bin
JRE paths:	C:\Java\jdk22;C:\Windows\system32;C:\Windows;C:\Windows\System32\Wbem;C:\Windows\System32\WindowsPowerShell\v1.0\;C:\Windows\System32\OpenSSH\;C:\Program Files (x86)\NVIDIA Corporation\PhysX\Common;C:\Program Files\NVIDIA Corporation\NVIDIA NvDLISR;C:\WINDOWS\system32;C:\WINDOWS;C:\WINDOWS\System32\Wbem;C:\WINDOWS\System32\WindowsPowerShell\v1.0\;C:\WINDOWS\System32\OpenSSH\;C:\Program Files\Git\cmd;C:\Program Files\Microsoft SQL Server\150\Tools\Binn\;C:\Program Files (x86)\Windows Kits\10\Windows Performance Toolkit\;C:\Program Files (x86)\Incredibuild;C:\Program Files\dotnet\;C:\Maven\apache-maven-3.9.8\bin;C:\Java\jdk22\bin;C:\Program Files (x86)\WiX Toolset v3.14\bin;C:\Users\teodu\AppData\Local\Microsoft\WindowsApps;C:\Users\teodu\AppData\Local\Programs\Microsoft VS Code\bin;C:\xampp\php;C:\Android\platform-tools;C:\Users\teodu\.dotnet\tools;C:\Java\jdk22\bin;
Check launcher:	C:\Java\jdk22\bin\javaw.exe (OK)
Version string: 1.022.000_002 / 64-Bit (OK)
Launcher:	C:\Java\jdk22\bin\javaw.exe
Launcher args:	--module-path C:/Java/javafx-sdk-22.0.2/lib --add-modules javafx.controls,javafx.fxml  -jar "C:\Users\teodu\Desktop\Projects\sorter-fx\target\sorterFx.exe"
Args length:	155/32768 chars
Exit code:	0


Version:	3.50
CmdLine:	C:\Users\teodu\Desktop\Projects\sorter-fx\target\sorterFx.exe --l4j-debug
JNI:		No
WOW64:		Yes
Working dir:	C:\Users\teodu\Desktop\Projects\sorter-fx\target\.
Requires JDK:	No
Requires 64-Bit: No
Java min ver:	1.022.000_002
Java max ver:	
Substitute:	PATH = C:\Windows\system32;C:\Windows;C:\Windows\System32\Wbem;C:\Windows\System32\WindowsPowerShell\v1.0\;C:\Windows\System32\OpenSSH\;C:\Program Files (x86)\NVIDIA Corporation\PhysX\Common;C:\Program Files\NVIDIA Corporation\NVIDIA NvDLISR;C:\WINDOWS\system32;C:\WINDOWS;C:\WINDOWS\System32\Wbem;C:\WINDOWS\System32\WindowsPowerShell\v1.0\;C:\WINDOWS\System32\OpenSSH\;C:\Program Files\Git\cmd;C:\Program Files\Microsoft SQL Server\150\Tools\Binn\;C:\Program Files (x86)\Windows Kits\10\Windows Performance Toolkit\;C:\Program Files (x86)\Incredibuild;C:\Program Files\dotnet\;C:\Maven\apache-maven-3.9.8\bin;C:\Java\jdk22\bin;C:\Program Files (x86)\WiX Toolset v3.14\bin;C:\Users\teodu\AppData\Local\Microsoft\WindowsApps;C:\Users\teodu\AppData\Local\Programs\Microsoft VS Code\bin;C:\xampp\php;C:\Android\platform-tools;C:\Users\teodu\.dotnet\tools;C:\Java\jdk22\bin
JRE paths:	C:\Java\jdk22;C:\Windows\system32;C:\Windows;C:\Windows\System32\Wbem;C:\Windows\System32\WindowsPowerShell\v1.0\;C:\Windows\System32\OpenSSH\;C:\Program Files (x86)\NVIDIA Corporation\PhysX\Common;C:\Program Files\NVIDIA Corporation\NVIDIA NvDLISR;C:\WINDOWS\system32;C:\WINDOWS;C:\WINDOWS\System32\Wbem;C:\WINDOWS\System32\WindowsPowerShell\v1.0\;C:\WINDOWS\System32\OpenSSH\;C:\Program Files\Git\cmd;C:\Program Files\Microsoft SQL Server\150\Tools\Binn\;C:\Program Files (x86)\Windows Kits\10\Windows Performance Toolkit\;C:\Program Files (x86)\Incredibuild;C:\Program Files\dotnet\;C:\Maven\apache-maven-3.9.8\bin;C:\Java\jdk22\bin;C:\Program Files (x86)\WiX Toolset v3.14\bin;C:\Users\teodu\AppData\Local\Microsoft\WindowsApps;C:\Users\teodu\AppData\Local\Programs\Microsoft VS Code\bin;C:\xampp\php;C:\Android\platform-tools;C:\Users\teodu\.dotnet\tools;C:\Java\jdk22\bin;
Check launcher:	C:\Java\jdk22\bin\javaw.exe (OK)
Version string: 1.022.000_002 / 64-Bit (OK)
Launcher:	C:\Java\jdk22\bin\javaw.exe
Launcher args:	--module-path C:/Java/javafx-sdk-22.0.2/lib --add-modules javafx.controls,javafx.fxml  -jar "C:\Users\teodu\Desktop\Projects\sorter-fx\target\sorterFx.exe"
Args length:	155/32768 chars
Exit code:	0
